Drill report for LIFFY_KICAD.kicad_pcb
Created on 22/7/22 7:18:18 p. m.

Copper Layer Stackup:
    =============================================================
    L1 :  F.Cu                      front
    L2 :  In1.Cu                    in1
    L3 :  In2.Cu                    in2
    L4 :  B.Cu                      back


Drill file 'LIFFY_KICAD-PTH.drl' contains
    plated through holes:
    =============================================================
    T1  0.305mm  0.0120"  (125 holes)
    T2  0.400mm  0.0157"  (1 hole)
    T3  0.800mm  0.0315"  (8 holes)
    T4  1.000mm  0.0394"  (12 holes)
    T5  1.100mm  0.0433"  (6 holes)
    T6  1.300mm  0.0512"  (20 holes)
    T7  1.520mm  0.0598"  (45 holes)

    Total plated holes count 217


Drill file 'LIFFY_KICAD-NPTH.drl' contains
    unplated through holes:
    =============================================================
    T1  2.200mm  0.0866"  (4 holes)

    Total unplated holes count 4
